


ARM Macro Assembler    Page 1 vinayakbadiger


    1 00000000                 ttl              vinayakbadiger
    2 00000000                 AREA             EX18, CODE, READWRITE
    3 00000000                 ENTRY
    4 00000000         START
    5 00000000 E3A08004        MOV              r8,#4       ; intialize counter
                                                            (r8) to 4the count 
                                                            address is going to
                                                             r8
    6 00000004 E59F0030        LDR              r0, Array   ;  load start addre
                                                            ss
    7 00000008 E5902000        LDR              r2, [r0]    ;load the value pre
                                                            sent in start adres
                                                            s
    8 0000000C E59F702C        LDR              r7, Result  ;save addition resu
                                                            lt in result variab
                                                            le
    9 00000010         
   10 00000010 E3580000 
                       LOOP    CMP              r8, #0      ;compare until all 
                                                            elements are done
   11 00000014 0A000007        BEQ              STOP        ;if all value compa
                                                            red come out of loo
                                                            p
   12 00000018 E5B03004        LDR              r3, [r0,#4]! ;Load the next 32 
                                                            bit number
   13 0000001C E2488001        ADD              r8, r8, #-1 ; Count value decre
                                                            mented by 1
   14 00000020 E3530000        CMP              R3,#0       ;Compare for positi
                                                            ve numbers
   15 00000024 5A000000        BPL              ADD1        ;if number is posit
                                                            ive jump to ADD
   16 00000028 EAFFFFF8        B                LOOP        ; Branch in loop
   17 0000002C E0822003 
                       ADD1    ADD              r2, r2, r3  ;add positive numbe
                                                            rs
   18 00000030 E5872000        STR              r2, [r7]    ; Store the result 
                                                            in resistor
   19 00000034 EAFFFFF5        B                LOOP        ;branch in loop
   20 00000038         
   21 00000038 EAFFFFFE 
                       STOP    B                STOP
   22 0000003C 40000000 
                       Array   DCD              &40000000
   23 00000040 40000004 
                       Result  DCD              &40000004
   24 00000044         
   25 00000044                 END
Command Line: --debug --xref --apcs=interwork --depend=.\objects\add_pos.d -o.\
objects\add_pos.o -IC:\Keil\ARM\RV31\INC -IC:\Keil\ARM\CMSIS\Include --predefin
e="__EVAL SETA 1" --list=.\listings\add_pos.lst add_pos.s



ARM Macro Assembler    Page 1 Alphabetic symbol ordering
Relocatable symbols

ADD1 0000002C

Symbol: ADD1
   Definitions
      At line 17 in file add_pos.s
   Uses
      At line 15 in file add_pos.s
Comment: ADD1 used once
Array 0000003C

Symbol: Array
   Definitions
      At line 22 in file add_pos.s
   Uses
      At line 6 in file add_pos.s
Comment: Array used once
EX18 00000000

Symbol: EX18
   Definitions
      At line 2 in file add_pos.s
   Uses
      None
Comment: EX18 unused
LOOP 00000010

Symbol: LOOP
   Definitions
      At line 10 in file add_pos.s
   Uses
      At line 16 in file add_pos.s
      At line 19 in file add_pos.s

Result 00000040

Symbol: Result
   Definitions
      At line 23 in file add_pos.s
   Uses
      At line 8 in file add_pos.s
Comment: Result used once
START 00000000

Symbol: START
   Definitions
      At line 4 in file add_pos.s
   Uses
      None
Comment: START unused
STOP 00000038

Symbol: STOP
   Definitions
      At line 21 in file add_pos.s
   Uses
      At line 11 in file add_pos.s
      At line 21 in file add_pos.s

7 symbols



ARM Macro Assembler    Page 2 Alphabetic symbol ordering
Relocatable symbols

338 symbols in table
